unlimited
module list output

Currently Loaded Modulefiles:
  1) gcc/10.3.0

printenv output

SLURM_NODELIST=dc001
MODULE_VERSION_STACK=3.2.10
MANPATH=/share/apps/gcc/10.3.0/share/man:/usr/share/man
SLURM_JOB_NAME=fnb
PDSHROOT=/opt/pdsh
XDG_SESSION_ID=4932
SLURMD_NODENAME=dc001
SLURM_TOPOLOGY_ADDR=root.hdr12e.dc001
HOSTNAME=dc001
TERM_PROGRAM=vscode
SLURM_PRIO_PROCESS=0
SLURM_NODE_ALIASES=(null)
SHELL=/bin/bash
TERM=xterm-256color
SLURM_JOB_QOS=normal
HISTSIZE=1000
TMPDIR=/tmp
SLURM_TOPOLOGY_ADDR_PATTERN=switch.switch.node
SSH_CLIENT=130.20.196.155 49599 22
TERM_PROGRAM_VERSION=1.66.2
ROCKSROOT=/opt/rocks/share/devel
ANT_HOME=/opt/rocks
SLURM_NNODES=1
USER=cann484
LD_LIBRARY_PATH=/share/apps/gcc/10.3.0/lib:/share/apps/gcc/10.3.0/lib64
ROCKS_ROOT=/opt/rocks
SLURM_JOBID=744921
SALLOC_KILL_CMD=9
SYSTEM_NAME=deception
SLURM_TASKS_PER_NODE=64
MODULE_VERSION=3.2.10
MAIL=/var/spool/mail/cann484
PATH=/share/apps/gcc/10.3.0/bin:/qfs/people/cann484/.vscode-server/bin/dfd34e8260c270da74b5c2d86d61aee4b6d56977/bin/remote-cli:/people/cann484/.cargo/bin:/people/cann484/.poetry/bin:/people/scicons/deception/bin:/usr/local/bin:/usr/bin:/usr/local/sbin:/usr/sbin:/opt/ganglia/bin:/opt/ganglia/sbin:/opt/pdsh/bin:/opt/rocks/bin:/opt/rocks/sbin:/people/cann484/bin
SLURM_WORKING_CLUSTER=deception:rc-admin01:6817:9216:101
SLURM_CONF=/etc/slurm/slurm.conf
SLURM_JOB_ID=744921
F90=gfortran
SLURM_JOB_USER=cann484
PWD=/people/cann484/ppp/shared_comm
_LMFILES_=/share/apps/modules/Modules/3.2.10/modulefiles/development/compilers/gcc/10.3.0
JAVA_HOME=/usr/java/latest
LANG=en_US.UTF-8
MODULEPATH=/share/apps/modules/Modules/versions:$MODULESHOME/modulefiles/environment:$MODULESHOME/modulefiles/development/mpi:$MODULESHOME/modulefiles/development/mlib:$MODULESHOME/modulefiles/development/compilers:$MODULESHOME/modulefiles/development/tools:$MODULESHOME/modulefiles/apps:$MODULESHOME/modulefiles/libs
LOADEDMODULES=gcc/10.3.0
SLURM_JOB_UID=275223
SLURM_NODEID=0
VSCODE_GIT_ASKPASS_EXTRA_ARGS=
F77=gfortran
SLURM_SUBMIT_DIR=/qfs/people/cann484/ppp/shared_comm
SLURM_TASK_PID=58377
SLURM_CPUS_ON_NODE=64
CXX=g++
SLURM_PROCID=0
ENVIRONMENT=BATCH
SSH_ASKPASS=/usr/libexec/openssh/gnome-ssh-askpass
HISTCONTROL=ignoredups
KRB5CCNAME=KEYRING:persistent:275223
SLURM_JOB_NODELIST=dc001
SHLVL=5
HOME=/people/cann484
SLURM_LOCALID=0
VSCODE_GIT_ASKPASS_MAIN=/qfs/people/cann484/.vscode-server/bin/dfd34e8260c270da74b5c2d86d61aee4b6d56977/extensions/git/dist/askpass-main.js
SLURM_JOB_GID=100
SLURM_JOB_CPUS_PER_NODE=64
SLURM_CLUSTER_NAME=deception
ROLLSROOT=/opt/rocks/share/devel/src/roll
PNNL_COMPILER_VERSION=10.3.0
FC=gfortran
SLURM_GTIDS=0
SLURM_SUBMIT_HOST=deception04.local
SLURM_JOB_PARTITION=short
LOGNAME=cann484
PNNL_COMPILER=gcc
SLURM_JOB_ACCOUNT=ops
XDG_DATA_DIRS=/people/cann484/.local/share/flatpak/exports/share:/var/lib/flatpak/exports/share:/usr/local/share:/usr/share
SSH_CONNECTION=130.20.196.155 49599 130.20.68.69 22
VSCODE_GIT_IPC_HANDLE=/run/user/275223/vscode-git-254b966db0.sock
SLURM_JOB_NUM_NODES=1
MODULESHOME=/share/apps/modules/Modules/3.2.10
VSCODE_IPC_HOOK_CLI=/run/user/275223/vscode-ipc-3ed48cc7-9473-4b50-98de-036772b54bb8.sock
LESSOPEN=||/usr/bin/lesspipe.sh %s
BROWSER=/qfs/people/cann484/.vscode-server/bin/dfd34e8260c270da74b5c2d86d61aee4b6d56977/bin/helpers/browser.sh
VSCODE_GIT_ASKPASS_NODE=/qfs/people/cann484/.vscode-server/bin/dfd34e8260c270da74b5c2d86d61aee4b6d56977/node
GIT_ASKPASS=/qfs/people/cann484/.vscode-server/bin/dfd34e8260c270da74b5c2d86d61aee4b6d56977/extensions/git/dist/askpass.sh
CC=gcc
XDG_RUNTIME_DIR=/run/user/275223
COLORTERM=truecolor
BASH_FUNC_module()=() {  eval `/share/apps/modules/Modules/$MODULE_VERSION/bin/modulecmd bash $*`
}
_=/usr/bin/printenv

limit output

core file size          (blocks, -c) 0
data seg size           (kbytes, -d) unlimited
scheduling priority             (-e) 0
file size               (blocks, -f) unlimited
pending signals                 (-i) 1030365
max locked memory       (kbytes, -l) unlimited
max memory size         (kbytes, -m) unlimited
open files                      (-n) 64000
pipe size            (512 bytes, -p) 8
POSIX message queues     (bytes, -q) 819200
real-time priority              (-r) 0
stack size              (kbytes, -s) unlimited
cpu time               (seconds, -t) unlimited
max user processes              (-u) 4096
virtual memory          (kbytes, -v) unlimited
file locks                      (-x) unlimited

Building.

mkdir -p obj
gcc -Iinclude -MMD -MP -Wall -c src/print_string.c -o obj/print_string.o
gcc -Iinclude -MMD -MP -Wall -c src/where_bound.c -o obj/where_bound.o
gcc -Iinclude -MMD -MP -Wall -c src/hypercube_fork.c -o obj/hypercube_fork.o
gcc -Iinclude -MMD -MP -Wall -c src/init_shm.c -o obj/init_shm.o
gcc -Iinclude -MMD -MP -Wall -c src/run_server.c -o obj/run_server.o
gcc -Iinclude -MMD -MP -Wall -c src/calc_mem_per_thread.c -o obj/calc_mem_per_thread.o
gcc -Iinclude -MMD -MP -Wall -c src/bind.c -o obj/bind.o
gcc -Iinclude -MMD -MP -Wall -c src/main.c -o obj/main.o
gcc -Iinclude -MMD -MP -Wall -c src/print_outfile_not_found.c -o obj/print_outfile_not_found.o
gcc -Iinclude -MMD -MP -Wall -c src/run_client.c -o obj/run_client.o
mkdir -p bin
gcc -Llib obj/print_string.o obj/where_bound.o obj/hypercube_fork.o obj/init_shm.o obj/run_server.o obj/calc_mem_per_thread.o obj/bind.o obj/main.o obj/print_outfile_not_found.o obj/run_client.o -lm -o bin/shared_comm

ldd output

	linux-vdso.so.1 =>  (0x00007fffe39f7000)
	libm.so.6 => /lib64/libm.so.6 (0x00002b69824a3000)
	libc.so.6 => /lib64/libc.so.6 (0x00002b69827a5000)
	/lib64/ld-linux-x86-64.so.2 (0x00002b698227f000)

program output


Remove old thread files.


Running program.

mem_per_thread: 8192 bytes
Cleaning.

removed ‘bin/shared_comm’
removed directory: ‘bin’
removed ‘obj/where_bound.o’
removed ‘obj/calc_mem_per_thread.o’
removed ‘obj/print_string.d’
removed ‘obj/main.d’
removed ‘obj/run_server.o’
removed ‘obj/hypercube_fork.o’
removed ‘obj/run_server.d’
removed ‘obj/print_string.o’
removed ‘obj/main.o’
removed ‘obj/calc_mem_per_thread.d’
removed ‘obj/print_outfile_not_found.o’
removed ‘obj/hypercube_fork.d’
removed ‘obj/init_shm.o’
removed ‘obj/init_shm.d’
removed ‘obj/bind.o’
removed ‘obj/bind.d’
removed ‘obj/run_client.o’
removed ‘obj/where_bound.d’
removed ‘obj/run_client.d’
removed ‘obj/print_outfile_not_found.d’
removed directory: ‘obj’

Times.

-rw-r--r-- 1 cann484 users 0 2022-05-05 11:01:01.285206231 -0700 /tmp/end.time
-rw-r--r-- 1 cann484 users 0 2022-05-05 11:01:01.257205200 -0700 /tmp/start.time
seconds between /tmp/start.time and /tmp/end.time creation is 0.0280010310000001
