unlimited
module list output

Currently Loaded Modulefiles:
  1) intel/20.0.4

printenv output

MKLROOT=/share/apps/intel/2020u4/compilers_and_libraries_2020.4.304/linux/mkl
SLURM_NODELIST=dl09
MODULE_VERSION_STACK=3.2.10
MANPATH=/share/apps/intel/2020u4/man/common:/share/apps/intel/2020u4/documentation_2020/en/debugger/gdb-ia/man/:/usr/share/man:
SLURM_JOB_NAME=seq_mvp
PDSHROOT=/opt/pdsh
XDG_SESSION_ID=93639
SLURMD_NODENAME=dl09
SLURM_TOPOLOGY_ADDR=.hdr02.dl09
HOSTNAME=dl09
TERM_PROGRAM=vscode
SLURM_PRIO_PROCESS=0
IPPROOT=/share/apps/intel/2020u4/compilers_and_libraries_2020.4.304/linux/ipp
INTEL_LICENSE_FILE=/share/apps/intel/2020u4/compilers_and_libraries_2020.4.304/linux/licenses:/opt/intel/licenses:/root/intel/licenses
SLURM_NODE_ALIASES=(null)
SHELL=/bin/bash
TERM=xterm-256color
SLURM_JOB_QOS=normal
HISTSIZE=1000
TMPDIR=/tmp
SLURM_TOPOLOGY_ADDR_PATTERN=switch.switch.node
SSH_CLIENT=130.20.196.124 51391 22
LIBRARY_PATH=/qfs/projects/ops/rh7_gpu/intel/2020u4/compilers_and_libraries_2020.4.304/linux/mpi/intel64/libfabric/lib:/share/apps/intel/2020u4/compilers_and_libraries_2020.4.304/linux/ipp/lib/intel64:/share/apps/intel/2020u4/compilers_and_libraries_2020.4.304/linux/compiler/lib/intel64_lin:/share/apps/intel/2020u4/compilers_and_libraries_2020.4.304/linux/mkl/lib/intel64_lin:/share/apps/intel/2020u4/compilers_and_libraries_2020.4.304/linux/tbb/lib/intel64/gcc4.8:/share/apps/intel/2020u4/compilers_and_libraries_2020.4.304/linux/tbb/lib/intel64/gcc4.8:/share/apps/intel/2020u4/compilers_and_libraries_2020.4.304/linux/daal/lib/intel64_lin:/share/apps/intel/2020u4/compilers_and_libraries_2020.4.304/linux/daal/../tbb/lib/intel64_lin/gcc4.4:/share/apps/intel/2020u4/compilers_and_libraries_2020.4.304/linux/daal/../tbb/lib/intel64_lin/gcc4.8
TERM_PROGRAM_VERSION=1.66.2
SLURM_JOB_GPUS=0,1
ROCKSROOT=/opt/rocks/share/devel
ANT_HOME=/opt/rocks
ROCR_VISIBLE_DEVICES=0,1
SLURM_NNODES=1
USER=cann484
LD_LIBRARY_PATH=/share/apps/intel/2020u4/compilers_and_libraries_2020.4.304/linux/compiler/lib/intel64:/qfs/projects/ops/rh7_gpu/intel/2020u4/compilers_and_libraries_2020.4.304/linux/mpi/intel64/libfabric/lib:/qfs/projects/ops/rh7_gpu/intel/2020u4/compilers_and_libraries_2020.4.304/linux/mpi/intel64/lib/release:/qfs/projects/ops/rh7_gpu/intel/2020u4/compilers_and_libraries_2020.4.304/linux/mpi/intel64/lib:/share/apps/intel/2020u4/compilers_and_libraries_2020.4.304/linux/ipp/lib/intel64:/share/apps/intel/2020u4/compilers_and_libraries_2020.4.304/linux/mkl/lib/intel64_lin:/share/apps/intel/2020u4/compilers_and_libraries_2020.4.304/linux/tbb/lib/intel64/gcc4.8:/share/apps/intel/2020u4/debugger_2020/python/intel64/lib:/share/apps/intel/2020u4/debugger_2020/libipt/intel64/lib:/share/apps/intel/2020u4/compilers_and_libraries_2020.4.304/linux/daal/lib/intel64_lin:/share/apps/intel/2020u4/compilers_and_libraries_2020.4.304/linux/daal/../tbb/lib/intel64_lin/gcc4.4:/share/apps/intel/2020u4/compilers_and_libraries_2020.4.304/linux/daal/../tbb/lib/intel64_lin/gcc4.8
PSTLROOT=/share/apps/intel/2020u4/compilers_and_libraries_2020.4.304/linux/pstl
ROCKS_ROOT=/opt/rocks
CPATH=/share/apps/intel/2020u4/compilers_and_libraries_2020.4.304/linux/ipp/include:/share/apps/intel/2020u4/compilers_and_libraries_2020.4.304/linux/mkl/include:/share/apps/intel/2020u4/compilers_and_libraries_2020.4.304/linux/pstl/include:/share/apps/intel/2020u4/compilers_and_libraries_2020.4.304/linux/pstl/stdlib:/share/apps/intel/2020u4/compilers_and_libraries_2020.4.304/linux/tbb/include:/share/apps/intel/2020u4/compilers_and_libraries_2020.4.304/linux/tbb/include:/share/apps/intel/2020u4/compilers_and_libraries_2020.4.304/linux/daal/include
SLURM_JOBID=793030
SALLOC_KILL_CMD=9
SYSTEM_NAME=deception
NLSPATH=/share/apps/intel/2020u4/compilers_and_libraries_2020.4.304/linux/compiler/lib/intel64/locale/%l_%t/%N:/share/apps/intel/2020u4/compilers_and_libraries_2020.4.304/linux/mkl/lib/intel64_lin/locale/%l_%t/%N:/share/apps/intel/2020u4/debugger_2020/gdb/intel64/share/locale/%l_%t/%N
SLURM_TASKS_PER_NODE=16
MODULE_VERSION=3.2.10
MAIL=/var/spool/mail/cann484
PATH=/share/apps/intel/2020u4/compilers_and_libraries_2020.4.304/linux/bin/intel64:/share/apps/intel/2020u4/compilers_and_libraries_2020.4.304/linux/bin:/share/apps/intel/2020u4/debugger_2020/gdb/intel64/bin:/qfs/people/cann484/.vscode-server/bin/dfd34e8260c270da74b5c2d86d61aee4b6d56977/bin/remote-cli:/people/cann484/.poetry/bin:/people/cann484/.cargo/bin:/people/scicons/deception/bin:/usr/local/bin:/usr/bin:/usr/local/sbin:/usr/sbin:/opt/ganglia/bin:/opt/ganglia/sbin:/opt/pdsh/bin:/opt/rocks/bin:/opt/rocks/sbin:/people/cann484/.local/bin:/people/cann484/bin:/people/cann484/.local/bin
SLURM_WORKING_CLUSTER=deception:rc-admin01:6817:9216:101
SLURM_CONF=/etc/slurm/slurm.conf
SLURM_JOB_ID=793030
TBBROOT=/share/apps/intel/2020u4/compilers_and_libraries_2020.4.304/linux/tbb
F90=ifort
SLURM_JOB_USER=cann484
PWD=/people/cann484/ppp/sequential_block_mvp
_LMFILES_=/share/apps/modules/Modules/3.2.10/modulefiles/development/compilers/intel/20.0.4
CUDA_VISIBLE_DEVICES=0,1
JAVA_HOME=/usr/java/latest
LANG=en_US.UTF-8
MODULEPATH=/share/apps/modules/Modules/versions:$MODULESHOME/modulefiles/environment:$MODULESHOME/modulefiles/development/mpi:$MODULESHOME/modulefiles/development/mlib:$MODULESHOME/modulefiles/development/compilers:$MODULESHOME/modulefiles/development/tools:$MODULESHOME/modulefiles/apps:$MODULESHOME/modulefiles/libs
LOADEDMODULES=intel/20.0.4
SLURM_JOB_UID=275223
SLURM_NODEID=0
VSCODE_GIT_ASKPASS_EXTRA_ARGS=
I_MPI_F90=ifort
F77=ifort
SLURM_SUBMIT_DIR=/qfs/people/cann484/ppp/sequential_block_mvp
I_MPI_CC=icc
SLURM_TASK_PID=19282
DAALROOT=/share/apps/intel/2020u4/compilers_and_libraries_2020.4.304/linux/daal
SLURM_CPUS_ON_NODE=16
CXX=icpc
SLURM_PROCID=0
ENVIRONMENT=BATCH
SSH_ASKPASS=/usr/libexec/openssh/gnome-ssh-askpass
HISTCONTROL=ignoredups
KRB5CCNAME=KEYRING:persistent:275223
INTEL_PYTHONHOME=/share/apps/intel/2020u4/debugger_2020/python/intel64/
SLURM_JOB_NODELIST=dl09
SHLVL=5
HOME=/people/cann484
I_MPI_CXX=icpc
SLURM_LOCALID=0
VSCODE_GIT_ASKPASS_MAIN=/qfs/people/cann484/.vscode-server/bin/dfd34e8260c270da74b5c2d86d61aee4b6d56977/extensions/git/dist/askpass-main.js
SLURM_JOB_GID=100
SLURM_JOB_CPUS_PER_NODE=16
SLURM_CLUSTER_NAME=deception
ROLLSROOT=/opt/rocks/share/devel/src/roll
PNNL_COMPILER_VERSION=20.0.4
FC=ifort
SLURM_GTIDS=0
SLURM_SUBMIT_HOST=deception01.local
SLURM_JOB_PARTITION=dl
LOGNAME=cann484
PNNL_COMPILER=intel
CLASSPATH=/qfs/projects/ops/rh7_gpu/intel/2020u4/compilers_and_libraries_2020.4.304/linux/mpi/intel64/lib/mpi.jar:/share/apps/intel/2020u4/compilers_and_libraries_2020.4.304/linux/daal/lib/daal.jar
GPU_DEVICE_ORDINAL=0,1
SLURM_JOB_ACCOUNT=ops
XDG_DATA_DIRS=/people/cann484/.local/share/flatpak/exports/share:/var/lib/flatpak/exports/share:/usr/local/share:/usr/share
SSH_CONNECTION=130.20.196.124 51391 130.20.68.66 22
VSCODE_GIT_IPC_HANDLE=/run/user/275223/vscode-git-254b966db0.sock
SLURM_JOB_NUM_NODES=1
MODULESHOME=/share/apps/modules/Modules/3.2.10
VSCODE_IPC_HOOK_CLI=/run/user/275223/vscode-ipc-c319fff7-b645-45e6-83a6-01b82d630e32.sock
PKG_CONFIG_PATH=/share/apps/intel/2020u4/compilers_and_libraries_2020.4.304/linux/mkl/bin/pkgconfig
LESSOPEN=||/usr/bin/lesspipe.sh %s
BROWSER=/qfs/people/cann484/.vscode-server/bin/dfd34e8260c270da74b5c2d86d61aee4b6d56977/bin/helpers/browser.sh
INFOPATH=/share/apps/intel/2020u4/documentation_2020/en/debugger/gdb-ia/info/
VSCODE_GIT_ASKPASS_NODE=/qfs/people/cann484/.vscode-server/bin/dfd34e8260c270da74b5c2d86d61aee4b6d56977/node
GIT_ASKPASS=/qfs/people/cann484/.vscode-server/bin/dfd34e8260c270da74b5c2d86d61aee4b6d56977/extensions/git/dist/askpass.sh
CC=icc
XDG_RUNTIME_DIR=/run/user/275223
COLORTERM=truecolor
BASH_FUNC_module()=() {  eval `/share/apps/modules/Modules/$MODULE_VERSION/bin/modulecmd bash $*`
}
_=/usr/bin/printenv

limit output

core file size          (blocks, -c) 0
data seg size           (kbytes, -d) unlimited
scheduling priority             (-e) 0
file size               (blocks, -f) unlimited
pending signals                 (-i) 256077
max locked memory       (kbytes, -l) unlimited
max memory size         (kbytes, -m) unlimited
open files                      (-n) 64000
pipe size            (512 bytes, -p) 8
POSIX message queues     (bytes, -q) 819200
real-time priority              (-r) 0
stack size              (kbytes, -s) unlimited
cpu time               (seconds, -t) unlimited
max user processes              (-u) 4096
virtual memory          (kbytes, -v) unlimited
file locks                      (-x) unlimited

Building.

icc -Iinclude -MMD -MP -c -Wall -c src/allocate_result.c -o obj/allocate_result.o
icc -Iinclude -MMD -MP -c -Wall -c src/build_block_matrix.c -o obj/build_block_matrix.o
mkdir -p bin
icc -Llib obj/print_result.o obj/verify_result.o obj/build_vector.o obj/print_string.o obj/run_block_mvp.o obj/main.o obj/allocate_result.o obj/build_block_matrix.o -lm -o bin/mvp

ldd output

	linux-vdso.so.1 =>  (0x00007ffed4981000)
	libm.so.6 => /lib64/libm.so.6 (0x00002b4541d32000)
	libgcc_s.so.1 => /lib64/libgcc_s.so.1 (0x00002b4542034000)
	libc.so.6 => /lib64/libc.so.6 (0x00002b454224a000)
	libdl.so.2 => /lib64/libdl.so.2 (0x00002b4542618000)
	/lib64/ld-linux-x86-64.so.2 (0x00002b4541b0e000)

program output


Running program.


Cleaning.

removed ‘bin/mvp’
removed directory: ‘bin’
removed ‘obj/print_string.d’
removed ‘obj/main.d’
removed ‘obj/verify_result.o’
removed ‘obj/allocate_result.d’
removed ‘obj/print_string.o’
removed ‘obj/print_result.d’
removed ‘obj/main.o’
removed ‘obj/run_block_mvp.o’
removed ‘obj/build_vector.o’
removed ‘obj/print_result.o’
removed ‘obj/build_vector.d’
removed ‘obj/build_block_matrix.d’
removed ‘obj/verify_result.d’
removed ‘obj/allocate_result.o’
removed ‘obj/run_block_mvp.d’
removed ‘obj/build_block_matrix.o’
removed directory: ‘obj’

Times.

-rw-r--r-- 1 cann484 users 0 2022-05-15 04:59:20.268331461 -0700 /scratch/end1.time
-rw-r--r-- 1 cann484 users 0 2022-05-15 04:54:07.488480721 -0700 /scratch/start1.time
seconds between /scratch/start1.time and /scratch/end1.time creation is 312.77985074
-rw-r--r-- 1 cann484 users 0 2022-05-15 05:09:40.721855195 -0700 /scratch/end2.time
-rw-r--r-- 1 cann484 users 0 2022-05-15 04:59:20.269331462 -0700 /scratch/start2.time
seconds between /scratch/start2.time and /scratch/end2.time creation is 620.452523733
